app/build/intermediates/manifest_merge_blame_file/debug/manifest-merger-blame-debug-report.txt
1<?xml version="1.0" encoding="utf-8"?>
2<manifest xmlns:android="http://schemas.android.com/apk/res/android"
3    package="com.wisekingdavid.movieking"
4    android:versionCode="1"
5    android:versionName="1.0" >
6
7    <uses-sdk
8        android:minSdkVersion="21"
8-->src/main/AndroidManifest.xml
9        android:targetSdkVersion="29" />
9-->src/main/AndroidManifest.xml
10
11    <uses-permission android:name="android.permission.INTERNET" />
11-->src/main/AndroidManifest.xml:5:5-67
11-->src/main/AndroidManifest.xml:5:22-64
12    <uses-permission android:name="android.permission.ACCESS_NETWORK_STATE" />
12-->src/main/AndroidManifest.xml:6:5-79
12-->src/main/AndroidManifest.xml:6:22-76
13
14    <application
14-->src/main/AndroidManifest.xml:8:5-26:19
15        android:allowBackup="true"
15-->src/main/AndroidManifest.xml:9:9-35
16        android:appComponentFactory="androidx.core.app.CoreComponentFactory"
16-->[androidx.core:core:1.3.1] AndroidManifest.xml:24:18-86
17        android:debuggable="true"
18        android:icon="@mipmap/ic_launcher"
18-->src/main/AndroidManifest.xml:10:9-43
19        android:label="@string/app_name"
19-->src/main/AndroidManifest.xml:11:9-41
20        android:roundIcon="@mipmap/ic_launcher_round"
20-->src/main/AndroidManifest.xml:12:9-54
21        android:supportsRtl="true"
21-->src/main/AndroidManifest.xml:13:9-35
22        android:testOnly="true"
23        android:theme="@style/Theme.MovieKing" >
23-->src/main/AndroidManifest.xml:14:9-47
24        <activity
24-->src/main/AndroidManifest.xml:15:9-91
25            android:name="com.wisekingdavid.movieking.SearchActivity"
25-->src/main/AndroidManifest.xml:15:19-49
26            android:windowSoftInputMode="adjustPan" />
26-->src/main/AndroidManifest.xml:15:50-89
27        <activity android:name="com.wisekingdavid.movieking.PopularMoviesActivity" />
27-->src/main/AndroidManifest.xml:16:9-59
27-->src/main/AndroidManifest.xml:16:19-56
28        <activity android:name="com.wisekingdavid.movieking.MovieActivity" />
28-->src/main/AndroidManifest.xml:17:9-51
28-->src/main/AndroidManifest.xml:17:19-48
29        <activity android:name="com.wisekingdavid.movieking.NowPlayingActivity" />
29-->src/main/AndroidManifest.xml:18:9-56
29-->src/main/AndroidManifest.xml:18:19-53
30        <activity android:name="com.wisekingdavid.movieking.LoginActivity" >
30-->src/main/AndroidManifest.xml:19:9-25:20
30-->src/main/AndroidManifest.xml:19:19-48
31            <intent-filter>
31-->src/main/AndroidManifest.xml:20:13-24:29
32                <action android:name="android.intent.action.MAIN" />
32-->src/main/AndroidManifest.xml:21:17-69
32-->src/main/AndroidManifest.xml:21:25-66
33
34                <category android:name="android.intent.category.LAUNCHER" />
34-->src/main/AndroidManifest.xml:23:17-77
34-->src/main/AndroidManifest.xml:23:27-74
35            </intent-filter>
36        </activity>
37
38        <provider
38-->[com.squareup.picasso:picasso:2.71828] AndroidManifest.xml:8:9-11:40
39            android:name="com.squareup.picasso.PicassoProvider"
39-->[com.squareup.picasso:picasso:2.71828] AndroidManifest.xml:9:13-64
40            android:authorities="com.wisekingdavid.movieking.com.squareup.picasso"
40-->[com.squareup.picasso:picasso:2.71828] AndroidManifest.xml:10:13-72
41            android:exported="false" />
41-->[com.squareup.picasso:picasso:2.71828] AndroidManifest.xml:11:13-37
42    </application>
43
44</manifest>